<?xml version="1.0" encoding="UTF-8"?>
<testng-results skipped="0" failed="1" ignored="0" total="2" passed="1">
  <reporter-output>
  </reporter-output>
  <suite name="Data Driven" duration-ms="15294" started-at="2019-10-22T16:05:35Z" finished-at="2019-10-22T16:05:50Z">
    <groups>
    </groups>
    <test name="Login Test" duration-ms="10085" started-at="2019-10-22T16:05:35Z" finished-at="2019-10-22T16:05:45Z">
      <class name="com.orangehr.testcases.LoginTest">
        <test-method status="FAIL" signature="loginAsAdminUser()[pri:0, instance:com.orangehr.testcases.LoginTest@3e694b3f]" name="loginAsAdminUser" duration-ms="10061" started-at="2019-10-22T16:05:35Z" finished-at="2019-10-22T16:05:45Z">
          <exception class="java.lang.AssertionError">
            <message>
              <![CDATA[Validation Error expected [true] but found [false]]]>
            </message>
            <full-stacktrace>
              <![CDATA[java.lang.AssertionError: Validation Error expected [true] but found [false]
at org.testng.Assert.fail(Assert.java:96)
at org.testng.Assert.failNotEquals(Assert.java:776)
at org.testng.Assert.assertTrue(Assert.java:44)
at com.orangehr.testcases.LoginTest.loginAsAdminUser(LoginTest.java:16)
at sun.reflect.NativeMethodAccessorImpl.invoke0(Native Method)
at sun.reflect.NativeMethodAccessorImpl.invoke(NativeMethodAccessorImpl.java:62)
at sun.reflect.DelegatingMethodAccessorImpl.invoke(DelegatingMethodAccessorImpl.java:43)
at java.lang.reflect.Method.invoke(Method.java:498)
at org.testng.internal.MethodInvocationHelper.invokeMethod(MethodInvocationHelper.java:124)
at org.testng.internal.Invoker.invokeMethod(Invoker.java:583)
at org.testng.internal.Invoker.invokeTestMethod(Invoker.java:719)
at org.testng.internal.Invoker.invokeTestMethods(Invoker.java:989)
at org.testng.internal.TestMethodWorker.invokeTestMethods(TestMethodWorker.java:125)
at org.testng.internal.TestMethodWorker.run(TestMethodWorker.java:109)
at org.testng.TestRunner.privateRun(TestRunner.java:648)
at org.testng.TestRunner.run(TestRunner.java:505)
at org.testng.SuiteRunner.runTest(SuiteRunner.java:455)
at org.testng.SuiteRunner.runSequentially(SuiteRunner.java:450)
at org.testng.SuiteRunner.privateRun(SuiteRunner.java:415)
at org.testng.SuiteRunner.run(SuiteRunner.java:364)
at org.testng.SuiteRunnerWorker.runSuite(SuiteRunnerWorker.java:52)
at org.testng.SuiteRunnerWorker.run(SuiteRunnerWorker.java:84)
at org.testng.TestNG.runSuitesSequentially(TestNG.java:1208)
at org.testng.TestNG.runSuitesLocally(TestNG.java:1137)
at org.testng.TestNG.runSuites(TestNG.java:1049)
at org.testng.TestNG.run(TestNG.java:1017)
at org.testng.remote.AbstractRemoteTestNG.run(AbstractRemoteTestNG.java:132)
at org.testng.remote.RemoteTestNG.initAndRun(RemoteTestNG.java:230)
at org.testng.remote.RemoteTestNG.main(RemoteTestNG.java:76)
]]>
            </full-stacktrace>
          </exception> <!-- java.lang.AssertionError -->
          <reporter-output>
          </reporter-output>
        </test-method> <!-- loginAsAdminUser -->
      </class> <!-- com.orangehr.testcases.LoginTest -->
    </test> <!-- Login Test -->
    <test name="Login Using Admin User" duration-ms="5163" started-at="2019-10-22T16:05:45Z" finished-at="2019-10-22T16:05:50Z">
      <class name="com.orangehr.testcases.LoginUsingAdminUserTest">
        <test-method status="PASS" signature="setUp()[pri:0, instance:com.orangehr.testcases.LoginUsingAdminUserTest@34e9fd99]" name="setUp" is-config="true" duration-ms="10576" started-at="2019-10-22T16:05:24Z" finished-at="2019-10-22T16:05:35Z">
          <reporter-output>
          </reporter-output>
        </test-method> <!-- setUp -->
        <test-method status="PASS" signature="LoginUsingAdminUser(java.lang.String, java.lang.String)[pri:0, instance:com.orangehr.testcases.LoginUsingAdminUserTest@34e9fd99]" name="LoginUsingAdminUser" duration-ms="3681" started-at="2019-10-22T16:05:46Z" data-provider="getData" finished-at="2019-10-22T16:05:50Z">
          <params>
            <param index="0">
              <value>
                <![CDATA[Admin]]>
              </value>
            </param>
            <param index="1">
              <value>
                <![CDATA[admin123]]>
              </value>
            </param>
          </params>
          <reporter-output>
          </reporter-output>
        </test-method> <!-- LoginUsingAdminUser -->
        <test-method status="PASS" signature="tearDown()[pri:0, instance:com.orangehr.testcases.LoginUsingAdminUserTest@34e9fd99]" name="tearDown" is-config="true" duration-ms="3157" started-at="2019-10-22T16:05:50Z" finished-at="2019-10-22T16:05:53Z">
          <reporter-output>
          </reporter-output>
        </test-method> <!-- tearDown -->
      </class> <!-- com.orangehr.testcases.LoginUsingAdminUserTest -->
    </test> <!-- Login Using Admin User -->
  </suite> <!-- Data Driven -->
</testng-results>
